[32m  INFO[0m: Launching config: "/home/ritu/.config/DankMaterialShell/quickshell/shell.qml"
[32m  INFO[0m: Shell ID: "d622b18c78a1ae5bc793bfa955c389ed" Path ID "d622b18c78a1ae5bc793bfa955c389ed"
[32m  INFO[0m: Saving logs to "/run/user/1000/quickshell/by-id/lcb1sj06t/log.qslog"
[33m  WARN[97m qml[0m: AudioService: QtMultimedia not available - sound effects disabled
[32m  INFO[97m qml[0m: NetworkService: Initializing...
[32m  INFO[97m qml[0m: NetworkService: DMS_SOCKET not set, using LegacyNetworkService
[32m  INFO[97m qml[0m: NetworkService: Switched to LegacyNetworkService, networkAvailable: true
[32m  INFO[97m qml[0m: LegacyNetworkService: Activating...
[32m  INFO[97m qml[0m: PolkitService: Initialized successfully
[32m  INFO[97m qml[0m: IdleService: Initialized with idle monitoring support
[33m  WARN[97m quickshell.I3.ipc[0m: $I3SOCK is unset. Trying $SWAYSOCK.
[33m  WARN[97m quickshell.I3.ipc[0m: $SWAYSOCK and I3SOCK are unset. Cannot connect to socket.
[33m  WARN[0m: $HYPRLAND_INSTANCE_SIGNATURE is unset. Cannot connect to hyprland.
[32m  INFO[0m: Configuration Loaded
[33m  WARN[97m scene[0m: QML FileView at @Common/SettingsData.qml[1002:5]: Read of /home/ritu/.config/DankMaterialShell/plugin_settings.json failed: File does not exist.
[32m  INFO[97m qml[0m: Theme: Dynamic colors file loaded successfully
[33m  WARN[97m qml[0m: I18n: Falling back to built-in English strings
[33m  WARN[97m quickshell.dbus[0m: Could not launch service org.freedesktop.UPower.PowerProfiles: QDBusError(org.freedesktop.DBus.Error.ServiceUnknown, The name org.freedesktop.UPower.PowerProfiles was not provided by any .service files)
[33m  WARN[97m quickshell.service.powerprofiles[0m: Could not start PowerProfilesDaemon. The PowerProfiles service will not work.
[32m  INFO[97m qml[0m: Detected distribution: NixOS 25.05 (Warbler)
[33m  WARN[97m qml[0m: dgop is not installed or not in PATH
[32m  INFO[97m qml[0m: CompositorService: Detected Niri with socket: /run/user/1000/niri.wayland-1.2774.sock
[34m DEBUG[97m qml[0m: NiriService: Generating binds config...
[34m DEBUG[97m qml[0m: NiriService: Generating wpblur config...
[32m  INFO[97m qml[0m: Theme: Setting desired theme - image mode: dark type: scheme-content
[34m DEBUG[97m qml[0m: Theme: Starting matugen worker
[33m  WARN[97m qml[0m: Tab file does not exist: /home/ritu/.local/state/DankMaterialShell/notepad-files/untitled-1761284489747.txt
[33m  WARN[97m qml[0m: Tab file does not exist: /home/ritu/.local/state/DankMaterialShell/notepad-files/untitled-1761284489747.txt
[32m  INFO[97m qml[0m: NiriService: Generated binds config at /home/ritu/.config/niri/dms/wpblur.kdl
[32m  INFO[97m qml[0m: NiriService: Generated binds config at /home/ritu/.config/niri/dms/wpblur.kdl
[32m  INFO[97m qml[0m: NiriService: Loaded 1 outputs
[32m  INFO[97m qml[0m: CompositorService: Detected Niri with socket: /run/user/1000/niri.wayland-1.2774.sock
[34m DEBUG[97m qml[0m: NiriService: Generating binds config...
[34m DEBUG[97m qml[0m: NiriService: Generating wpblur config...
[32m  INFO[97m qml[0m: NiriService: Generated binds config at /home/ritu/.config/niri/dms/wpblur.kdl
[32m  INFO[97m qml[0m: NiriService: Generated binds config at /home/ritu/.config/niri/dms/wpblur.kdl
[32m  INFO[97m qml[0m: SessionService: Native inhibitor available: true
[34m DEBUG[97m qml[0m: SessionService: DMS_SOCKET not set
[34m DEBUG[97m qml[0m: NiriService: Generating layout config...
[32m  INFO[97m qml[0m: NiriService: Generated layout config at /home/ritu/.config/niri/dms/layout.kdl
[32m  INFO[97m qml[0m: NiriService: Generated alttab config at /home/ritu/.config/niri/dms/alttab.kdl
[34m DEBUG[97m qml[0m: SessionService: Elogind detection exited with code 1
[34m DEBUG[97m qml[0m: DankBar: Created native Wayland IdleInhibitor for eDP-1
[32m  INFO[97m qml[0m: Theme: Dynamic colors file loaded successfully
[32m  INFO[97m qml[0m: Theme: Dynamic colors file loaded successfully
[32m  INFO[97m qml[0m: Theme: Matugen worker completed successfully
[34m DEBUG[97m qml[0m: Theme: Reloading dynamic colors file
[32m  INFO[97m qml[0m: Theme: Dynamic colors file loaded successfully
[33m  WARN[0m: QSGPlainTexture: Mipmap settings changed without having image data available. Call setImage() again or enable m_retain_image. Falling back to previous mipmap filtering mode.
[33m  WARN[97m qt.svg.draw[0m: The requested buffer size is too big, ignoring
[32m  INFO[97m qml[0m: PortalService: DMS_SOCKET not set
[34m DEBUG[97m qml[0m: Adding ref for module: cpu count: 1
[34m DEBUG[97m qml[0m: Adding ref for module: memory count: 1
[34m DEBUG[97m qml[0m: Adding ref for module: system count: 1
[34m DEBUG[97m qml[0m: Disabling module: cpu (no more refs)
[34m DEBUG[97m qml[0m: Disabling module: memory (no more refs)
[34m DEBUG[97m qml[0m: Disabling module: system (no more refs)
[33m  WARN[97m qml[0m: SystemUpdate: Unsupported distribution: nixos
[33m  WARN[0m: Could not load icon "multimedia-volume-control" at size QSize(29, 29) from request
[33m  WARN[0m: Could not load icon "multimedia-volume-control" at size QSize(29, 29) from request
[34m DEBUG[97m qml[0m: NiriService: Generating layout config...
[32m  INFO[97m qml[0m: NiriService: Generated layout config at /home/ritu/.config/niri/dms/layout.kdl
[32m  INFO[97m qml[0m: NiriService: Generated alttab config at /home/ritu/.config/niri/dms/alttab.kdl
[34m DEBUG[97m qml[0m: NiriService: Generating layout config...
[32m  INFO[97m qml[0m: NiriService: Generated alttab config at /home/ritu/.config/niri/dms/alttab.kdl
[32m  INFO[97m qml[0m: NiriService: Generated layout config at /home/ritu/.config/niri/dms/layout.kdl
[34m DEBUG[97m qml[0m: NiriService: Generating layout config...
[32m  INFO[97m qml[0m: NiriService: Generated layout config at /home/ritu/.config/niri/dms/layout.kdl
[32m  INFO[97m qml[0m: NiriService: Generated alttab config at /home/ritu/.config/niri/dms/alttab.kdl
[34m DEBUG[97m qml[0m: NiriService: Generating layout config...
[32m  INFO[97m qml[0m: NiriService: Generated layout config at /home/ritu/.config/niri/dms/layout.kdl
[32m  INFO[97m qml[0m: NiriService: Generated alttab config at /home/ritu/.config/niri/dms/alttab.kdl
[34m DEBUG[97m qml[0m: NiriService: Generating layout config...
[32m  INFO[97m qml[0m: NiriService: Generated alttab config at /home/ritu/.config/niri/dms/alttab.kdl
[32m  INFO[97m qml[0m: NiriService: Generated layout config at /home/ritu/.config/niri/dms/layout.kdl
[34m DEBUG[97m qml[0m: Enter pressed, starting PAM authentication
quickshell.service.pam.subprocess: Waiting for parent confirmation...
quickshell.service.pam.subprocess: Starting pam session for user "ritu" with config "login" in dir "/etc/pam.d"
quickshell.service.pam.subprocess: Relaying pam message: "Password: " echo: 0 error: 0 responseRequired: 1
quickshell.service.pam.subprocess: Got response for request.quickshell.service.pam.subprocess: Authenticated successfully.
[33m  WARN[97m qt.qpa.wayland.textinput[0m: virtual void QtWaylandClient::QWaylandTextInputv3::disableSurface(wl_surface*) Try to disable surface 0x7f2a20cc46c0 with focusing surface 0x7f2a20f18b00
[34m DEBUG[97m qml[0m: Enter pressed, starting PAM authentication
quickshell.service.pam.subprocess: Waiting for parent confirmation...
quickshell.service.pam.subprocess: Starting pam session for user "ritu" with config "login" in dir "/etc/pam.d"
quickshell.service.pam.subprocess: Relaying pam message: "Password: " echo: 0 error: 0 responseRequired: 1
quickshell.service.pam.subprocess: Got response for request.quickshell.service.pam.subprocess: Authenticated successfully.
[33m  WARN[97m qt.qpa.wayland.textinput[0m: virtual void QtWaylandClient::QWaylandTextInputv3::disableSurface(wl_surface*) Try to disable surface 0x7f29cb7d8ee0 with focusing surface 0x7f29d8dcc280
[34m DEBUG[97m qml[0m: Enter pressed, starting PAM authentication
quickshell.service.pam.subprocess: Waiting for parent confirmation...
quickshell.service.pam.subprocess: Starting pam session for user "ritu" with config "login" in dir "/etc/pam.d"
quickshell.service.pam.subprocess: Relaying pam message: "Password: " echo: 0 error: 0 responseRequired: 1
quickshell.service.pam.subprocess: Got response for request.quickshell.service.pam.subprocess: Authenticated successfully.
[33m  WARN[97m qt.qpa.wayland.textinput[0m: virtual void QtWaylandClient::QWaylandTextInputv3::disableSurface(wl_surface*) Try to disable surface 0x7f29cb91c2a0 with focusing surface 0x7f29d8dcb620
[33m  WARN[97m qt.svg.draw[0m: The requested buffer size is too big, ignoring
[34m DEBUG[97m qml[0m: Enter pressed, starting PAM authentication
quickshell.service.pam.subprocess: Waiting for parent confirmation...
quickshell.service.pam.subprocess: Starting pam session for user "ritu" with config "login" in dir "/etc/pam.d"
quickshell.service.pam.subprocess: Relaying pam message: "Password: " echo: 0 error: 0 responseRequired: 1
quickshell.service.pam.subprocess: Got response for request.quickshell.service.pam.subprocess: Authenticated successfully.
[33m  WARN[97m qt.qpa.wayland.textinput[0m: virtual void QtWaylandClient::QWaylandTextInputv3::disableSurface(wl_surface*) Try to disable surface 0x7f29b87a5b40 with focusing surface 0x7f29fee0c5a0
[33m  WARN[97m qt.svg[0m: Cannot open file '/nix/store/s6z0q12v7ylmqdzbfqmww9vqhpqrl9h1-xdg-desktop-portal-gtk-1.15.3/libexec/xdg-desktop-portal-gtk/share/icons/hicolor/scalable/apps/xdg-desktop-portal-gtk.svg', because: Not a directory
[33m  WARN[97m qt.svg[0m: Cannot open file '/nix/store/s6z0q12v7ylmqdzbfqmww9vqhpqrl9h1-xdg-desktop-portal-gtk-1.15.3/libexec/xdg-desktop-portal-gtk/share/icons/hicolor/scalable/apps/xdg-desktop-portal-gtk.svg', because: Not a directory
[33m  WARN[97m qt.svg[0m: Cannot open file '/nix/store/s6z0q12v7ylmqdzbfqmww9vqhpqrl9h1-xdg-desktop-portal-gtk-1.15.3/libexec/xdg-desktop-portal-gtk/share/icons/hicolor/scalable/apps/xdg-desktop-portal-gtk.svg', because: Not a directory
[33m  WARN[97m qt.svg[0m: Cannot open file '/nix/store/s6z0q12v7ylmqdzbfqmww9vqhpqrl9h1-xdg-desktop-portal-gtk-1.15.3/libexec/xdg-desktop-portal-gtk/share/icons/hicolor/scalable/apps/xdg-desktop-portal-gtk.svg', because: Not a directory
[34m DEBUG[97m qml[0m: Enter pressed, starting PAM authentication
quickshell.service.pam.subprocess: Waiting for parent confirmation...
quickshell.service.pam.subprocess: Starting pam session for user "ritu" with config "login" in dir "/etc/pam.d"
quickshell.service.pam.subprocess: Relaying pam message: "Password: " echo: 0 error: 0 responseRequired: 1
quickshell.service.pam.subprocess: Got response for request.quickshell.service.pam.subprocess: Authenticated successfully.
[33m  WARN[97m qt.qpa.wayland.textinput[0m: virtual void QtWaylandClient::QWaylandTextInputv3::disableSurface(wl_surface*) Try to disable surface 0x7f2a20c39920 with focusing surface 0x7f29feaf4600
[34m DEBUG[97m qml[0m: Enter pressed, starting PAM authentication
quickshell.service.pam.subprocess: Waiting for parent confirmation...
quickshell.service.pam.subprocess: Starting pam session for user "ritu" with config "login" in dir "/etc/pam.d"
quickshell.service.pam.subprocess: Relaying pam message: "Password: " echo: 0 error: 0 responseRequired: 1
quickshell.service.pam.subprocess: Got response for request.quickshell.service.pam.subprocess: Authenticated successfully.
[33m  WARN[97m qt.qpa.wayland.textinput[0m: virtual void QtWaylandClient::QWaylandTextInputv3::disableSurface(wl_surface*) Try to disable surface 0x7f29cb78bb80 with focusing surface 0x7f29fec6a500
[33m  WARN[97m quickshell.dbus.properties[0m: Error updating properties of org.mpris.MediaPlayer2.firefox.instance_1_62/org/mpris/MediaPlayer2/org.mpris.MediaPlayer2 via GetAll
[33m  WARN[97m quickshell.dbus.properties[0m: QDBusError("org.freedesktop.DBus.Error.UnknownMethod", "Object does not exist at path “/org/mpris/MediaPlayer2”")
[33m  WARN[97m quickshell.dbus.properties[0m: Error updating properties of org.mpris.MediaPlayer2.firefox.instance_1_62/org/mpris/MediaPlayer2/org.mpris.MediaPlayer2.Player via GetAll
[33m  WARN[97m quickshell.dbus.properties[0m: QDBusError("org.freedesktop.DBus.Error.UnknownMethod", "Object does not exist at path “/org/mpris/MediaPlayer2”")
[33m  WARN[97m qt.svg[0m: /run/current-system/sw/share/icons/hicolor/scalable/apps/com.obsproject.Studio.svg:92:6: Could not resolve property: 
[33m  WARN[97m qt.svg[0m: /run/current-system/sw/share/icons/hicolor/scalable/apps/com.obsproject.Studio.svg:92:6: Could not resolve property: 
[34m DEBUG[97m qml[0m: Enter pressed, starting PAM authentication
quickshell.service.pam.subprocess: Waiting for parent confirmation...
quickshell.service.pam.subprocess: Starting pam session for user "ritu" with config "login" in dir "/etc/pam.d"
[34m DEBUG[97m qml[0m: PAM is active, ignoring input
[34m DEBUG[97m qml[0m: PAM is active, ignoring input
quickshell.service.pam.subprocess: Relaying pam message: "Password: " echo: 0 error: 0 responseRequired: 1
quickshell.service.pam.subprocess: Got response for request.quickshell.service.pam.subprocess: Failed to authenticate.
[34m DEBUG[97m qml[0m: Enter pressed, starting PAM authentication
quickshell.service.pam.subprocess: Waiting for parent confirmation...
quickshell.service.pam.subprocess: Starting pam session for user "ritu" with config "login" in dir "/etc/pam.d"
quickshell.service.pam.subprocess: Relaying pam message: "Password: " echo: 0 error: 0 responseRequired: 1
quickshell.service.pam.subprocess: Got response for request.quickshell.service.pam.subprocess: Authenticated successfully.
[33m  WARN[97m qt.qpa.wayland.textinput[0m: virtual void QtWaylandClient::QWaylandTextInputv3::disableSurface(wl_surface*) Try to disable surface 0x7f29d8c88200 with focusing surface 0x7f29feb18ec0
[33m  WARN[97m quickshell.dbus.properties[0m: Error updating property :1.230/StatusNotifierItem/org.kde.StatusNotifierItem:IconName
[33m  WARN[97m quickshell.dbus.properties[0m: QDBusError("org.freedesktop.DBus.Error.Failed", "error occurred in Get")
[33m  WARN[97m quickshell.dbus.properties[0m: Error updating property :1.230/StatusNotifierItem/org.kde.StatusNotifierItem:IconName
[33m  WARN[97m quickshell.dbus.properties[0m: QDBusError("org.freedesktop.DBus.Error.Failed", "error occurred in Get")
[33m  WARN[97m quickshell.dbus.properties[0m: Error updating property :1.230/StatusNotifierItem/org.kde.StatusNotifierItem:IconName
[33m  WARN[97m quickshell.dbus.properties[0m: QDBusError("org.freedesktop.DBus.Error.Failed", "error occurred in Get")
[33m  WARN[97m quickshell.dbus.properties[0m: Error updating property :1.230/StatusNotifierItem/org.kde.StatusNotifierItem:IconName
[33m  WARN[97m quickshell.dbus.properties[0m: QDBusError("org.freedesktop.DBus.Error.Failed", "error occurred in Get")
[33m  WARN[97m quickshell.dbus.properties[0m: Error updating property :1.230/StatusNotifierItem/org.kde.StatusNotifierItem:IconName
[33m  WARN[97m quickshell.dbus.properties[0m: QDBusError("org.freedesktop.DBus.Error.Failed", "error occurred in Get")
[33m  WARN[97m quickshell.dbus.properties[0m: Error updating property :1.230/StatusNotifierItem/org.kde.StatusNotifierItem:IconName
[33m  WARN[97m quickshell.dbus.properties[0m: QDBusError("org.freedesktop.DBus.Error.Failed", "error occurred in Get")
[33m  WARN[97m quickshell.dbus.properties[0m: Error updating property :1.230/StatusNotifierItem/org.kde.StatusNotifierItem:IconName
[33m  WARN[97m quickshell.dbus.properties[0m: QDBusError("org.freedesktop.DBus.Error.Failed", "error occurred in Get")
[33m  WARN[97m quickshell.dbus.properties[0m: Error updating property :1.230/StatusNotifierItem/org.kde.StatusNotifierItem:IconName
[33m  WARN[97m quickshell.dbus.properties[0m: QDBusError("org.freedesktop.DBus.Error.Failed", "error occurred in Get")
[33m  WARN[97m quickshell.dbus.properties[0m: Error updating property :1.230/StatusNotifierItem/org.kde.StatusNotifierItem:IconName
[33m  WARN[97m quickshell.dbus.properties[0m: QDBusError("org.freedesktop.DBus.Error.Failed", "error occurred in Get")
[33m  WARN[97m quickshell.dbus.properties[0m: Error updating property :1.230/StatusNotifierItem/org.kde.StatusNotifierItem:IconName
[33m  WARN[97m quickshell.dbus.properties[0m: QDBusError("org.freedesktop.DBus.Error.Failed", "error occurred in Get")
[33m  WARN[97m quickshell.dbus.properties[0m: Error updating property :1.230/StatusNotifierItem/org.kde.StatusNotifierItem:IconName
[33m  WARN[97m quickshell.dbus.properties[0m: QDBusError("org.freedesktop.DBus.Error.Failed", "error occurred in Get")
[33m  WARN[97m quickshell.dbus.properties[0m: Error updating property :1.230/StatusNotifierItem/org.kde.StatusNotifierItem:IconName
[33m  WARN[97m quickshell.dbus.properties[0m: QDBusError("org.freedesktop.DBus.Error.Failed", "error occurred in Get")
[33m  WARN[97m quickshell.dbus.properties[0m: Error updating property :1.230/StatusNotifierItem/org.kde.StatusNotifierItem:IconName
[33m  WARN[97m quickshell.dbus.properties[0m: QDBusError("org.freedesktop.DBus.Error.Failed", "error occurred in Get")
[33m  WARN[97m quickshell.dbus.properties[0m: Error updating property :1.230/StatusNotifierItem/org.kde.StatusNotifierItem:IconName
[33m  WARN[97m quickshell.dbus.properties[0m: QDBusError("org.freedesktop.DBus.Error.Failed", "error occurred in Get")
[niri-refresh-switch] Starting refresh rate monitor service
[niri-refresh-switch] On battery - switching to low refresh rate
